Using pre-set license
Built from '2020.3/staging' branch; Version is '2020.3.26f1 (7298b473bc1a) revision 7510196'; Using compiler version '192528614'; Build Type 'Release'
OS: 'Windows 10  (10.0.19044) 64bit Education' Language: 'en' Physical Memory: 16332 MB
BatchMode: 1, IsHumanControllingUs: 0, StartBugReporterOnCrash: 0, Is64bit: 1, IsPro: 0

COMMAND LINE ARGUMENTS:
C:\Program Files\Unity 2020.3.26f1\Editor\Unity.exe
-adb2
-batchMode
-noUpm
-name
AssetImportWorker0
-projectPath
C:/Users/30055010/Desktop/soManyThings/bloodScreen
-logFile
Logs/AssetImportWorker0.log
-srvPort
2833
Successfully changed project path to: C:/Users/30055010/Desktop/soManyThings/bloodScreen
C:/Users/30055010/Desktop/soManyThings/bloodScreen
Using Asset Import Pipeline V2.
Refreshing native plugins compatible for Editor in 46.25 ms, found 2 plugins.
Preloading 0 native plugins for Editor in 0.00 ms.
Initialize engine version: 2020.3.26f1 (7298b473bc1a)
[Subsystems] Discovering subsystems at path C:/Program Files/Unity 2020.3.26f1/Editor/Data/Resources/UnitySubsystems
[Subsystems] Discovering subsystems at path C:/Users/30055010/Desktop/soManyThings/bloodScreen/Assets
GfxDevice: creating device client; threaded=0
Direct3D:
    Version:  Direct3D 11.0 [level 11.1]
    Renderer: NVIDIA GeForce GTX 1050 (ID=0x1c81)
    Vendor:   
    VRAM:     1977 MB
    Driver:   31.0.15.1694
Initialize mono
Mono path[0] = 'C:/Program Files/Unity 2020.3.26f1/Editor/Data/Managed'
Mono path[1] = 'C:/Program Files/Unity 2020.3.26f1/Editor/Data/MonoBleedingEdge/lib/mono/unityjit'
Mono config path = 'C:/Program Files/Unity 2020.3.26f1/Editor/Data/MonoBleedingEdge/etc'
Using monoOptions --debugger-agent=transport=dt_socket,embedding=1,server=y,suspend=n,address=127.0.0.1:56020
Begin MonoManager ReloadAssembly
Registering precompiled unity dll's ...
Register platform support module: C:/Program Files/Unity 2020.3.26f1/Editor/Data/PlaybackEngines/WindowsStandaloneSupport/UnityEditor.WindowsStandalone.Extensions.dll
Registered in 0.002731 seconds.
Native extension for WindowsStandalone target not found
Refreshing native plugins compatible for Editor in 42.62 ms, found 2 plugins.
Preloading 0 native plugins for Editor in 0.00 ms.
Mono: successfully reloaded assembly
- Completed reload, in  0.769 seconds
Domain Reload Profiling:
	ReloadAssembly (770ms)
		BeginReloadAssembly (71ms)
			ExecutionOrderSort (0ms)
			DisableScriptedObjects (0ms)
			BackupInstance (0ms)
			ReleaseScriptingObjects (0ms)
			CreateAndSetChildDomain (1ms)
		EndReloadAssembly (602ms)
			LoadAssemblies (68ms)
			RebuildTransferFunctionScriptingTraits (0ms)
			SetupTypeCache (220ms)
			ReleaseScriptCaches (0ms)
			RebuildScriptCaches (43ms)
			SetupLoadedEditorAssemblies (215ms)
				LogAssemblyErrors (0ms)
				InitializePlatformSupportModulesInManaged (6ms)
				SetLoadedEditorAssemblies (0ms)
				RefreshPlugins (43ms)
				BeforeProcessingInitializeOnLoad (20ms)
				ProcessInitializeOnLoadAttributes (109ms)
				ProcessInitializeOnLoadMethodAttributes (37ms)
				AfterProcessingInitializeOnLoad (0ms)
				EditorAssembliesLoaded (0ms)
			ExecutionOrderSort2 (0ms)
			AwakeInstancesAfterBackupRestoration (0ms)
Platform modules already initialized, skipping
Registering precompiled user dll's ...
Registered in 0.005854 seconds.
Begin MonoManager ReloadAssembly
Native extension for WindowsStandalone target not found
Refreshing native plugins compatible for Editor in 0.55 ms, found 2 plugins.
Preloading 0 native plugins for Editor in 0.00 ms.
Mono: successfully reloaded assembly
- Completed reload, in  1.443 seconds
Domain Reload Profiling:
	ReloadAssembly (1444ms)
		BeginReloadAssembly (191ms)
			ExecutionOrderSort (0ms)
			DisableScriptedObjects (6ms)
			BackupInstance (0ms)
			ReleaseScriptingObjects (0ms)
			CreateAndSetChildDomain (22ms)
		EndReloadAssembly (1163ms)
			LoadAssemblies (113ms)
			RebuildTransferFunctionScriptingTraits (0ms)
			SetupTypeCache (435ms)
			ReleaseScriptCaches (0ms)
			RebuildScriptCaches (59ms)
			SetupLoadedEditorAssemblies (424ms)
				LogAssemblyErrors (0ms)
				InitializePlatformSupportModulesInManaged (13ms)
				SetLoadedEditorAssemblies (1ms)
				RefreshPlugins (1ms)
				BeforeProcessingInitializeOnLoad (115ms)
				ProcessInitializeOnLoadAttributes (274ms)
				ProcessInitializeOnLoadMethodAttributes (12ms)
				AfterProcessingInitializeOnLoad (9ms)
				EditorAssembliesLoaded (0ms)
			ExecutionOrderSort2 (0ms)
			AwakeInstancesAfterBackupRestoration (9ms)
Platform modules already initialized, skipping
========================================================================
Worker process is ready to serve import requests
Launched and connected shader compiler UnityShaderCompiler.exe after 0.06 seconds
Refreshing native plugins compatible for Editor in 0.46 ms, found 2 plugins.
Preloading 0 native plugins for Editor in 0.00 ms.
Unloading 1519 Unused Serialized files (Serialized files now loaded: 0)
System memory in use before: 68.0 MB.
System memory in use after: 68.1 MB.

Unloading 19 unused Assets to reduce memory usage. Loaded Objects now: 1952.
Total: 3.120400 ms (FindLiveObjects: 0.127100 ms CreateObjectMapping: 0.056900 ms MarkObjects: 2.851700 ms  DeleteObjects: 0.083500 ms)

AssetImportParameters requested are different than current active one (requested -> active):
  custom:framework-win-MediaFoundation: 216162199b28c13a410421893ffa2e32 -> 
  custom:video-decoder-ogg-theora: a1e56fd34408186e4bbccfd4996cb3dc -> 
  custom:container-muxer-webm: aa71ff27fc2769a1b78a27578f13a17b -> 
  custom:container-demuxer-webm: 4f35f7cbe854078d1ac9338744f61a02 -> 
  custom:container-demuxer-ogg: 62fdf1f143b41e24485cea50d1cbac27 -> 
  custom:video-encoder-webm-vp8: eb34c28f22e8b96e1ab97ce403110664 -> 
  custom:video-decoder-webm-vp8: 9c59270c3fd7afecdb556c50c9e8de78 -> 
  custom:audio-decoder-ogg-vorbis: bf7c407c2cedff20999df2af8eb42d56 -> 
  custom:audio-encoder-webm-vorbis: bf7c407c2cedff20999df2af8eb42d56 -> 
========================================================================
Received Import Request.
  path: Assets/Scripts/PlayerName.cs
  artifactKey: Guid(775a9a51dee87ee4cbb3421b79b4fae3) Importer(815301076,1909f56bfc062723c751e8b465ee728b)
Start importing Assets/Scripts/PlayerName.cs using Guid(775a9a51dee87ee4cbb3421b79b4fae3) Importer(815301076,1909f56bfc062723c751e8b465ee728b)  -> (artifact id: 'c6974cafaf780a33290a3d25e2fa9b38') in 0.040175 seconds 
  Import took 0.043068 seconds .

========================================================================
Received Import Request.
  Time since last request: 0.623907 seconds.
  path: Assets/Scripts/MainMenu.cs
  artifactKey: Guid(010666c91639a004fad3b86411c6b555) Importer(815301076,1909f56bfc062723c751e8b465ee728b)
Start importing Assets/Scripts/MainMenu.cs using Guid(010666c91639a004fad3b86411c6b555) Importer(815301076,1909f56bfc062723c751e8b465ee728b)  -> (artifact id: '1baf9973d6b470c99138bb4cddea20b5') in 0.009423 seconds 
  Import took 0.012337 seconds .

========================================================================
Received Import Request.
  Time since last request: 1.339754 seconds.
  path: Assets/Scripts/Health.cs
  artifactKey: Guid(9a0b10fdf86e74b49854f0b4a1cae89f) Importer(815301076,1909f56bfc062723c751e8b465ee728b)
Start importing Assets/Scripts/Health.cs using Guid(9a0b10fdf86e74b49854f0b4a1cae89f) Importer(815301076,1909f56bfc062723c751e8b465ee728b)  -> (artifact id: '96889ab66d303250fde9c52a89354f80') in 0.008208 seconds 
  Import took 0.010937 seconds .

========================================================================
Received Import Request.
  Time since last request: 88.683822 seconds.
  path: Assets/Scripts/carButton.cs
  artifactKey: Guid(375d39f29ee07e74581c5b9f0c775b36) Importer(815301076,1909f56bfc062723c751e8b465ee728b)
Start importing Assets/Scripts/carButton.cs using Guid(375d39f29ee07e74581c5b9f0c775b36) Importer(815301076,1909f56bfc062723c751e8b465ee728b)  -> (artifact id: '7c3566ba021721579fd931b3143bc5ab') in 0.010877 seconds 
  Import took 0.014248 seconds .

========================================================================
Received Import Request.
  Time since last request: 16.560874 seconds.
  path: Assets/Scripts/Ammo.cs
  artifactKey: Guid(e1eed73770b8845429f16ba16aaa4e20) Importer(815301076,1909f56bfc062723c751e8b465ee728b)
Start importing Assets/Scripts/Ammo.cs using Guid(e1eed73770b8845429f16ba16aaa4e20) Importer(815301076,1909f56bfc062723c751e8b465ee728b)  -> (artifact id: '4a705e519740f55543debe63b35c7380') in 0.011535 seconds 
  Import took 0.014360 seconds .

========================================================================
Received Import Request.
  Time since last request: 3.263784 seconds.
  path: Assets/Scripts/TrafficLight.cs
  artifactKey: Guid(6ceda9da41380db4aaa607898493fcff) Importer(815301076,1909f56bfc062723c751e8b465ee728b)
Start importing Assets/Scripts/TrafficLight.cs using Guid(6ceda9da41380db4aaa607898493fcff) Importer(815301076,1909f56bfc062723c751e8b465ee728b)  -> (artifact id: '4c60cfe85959b38e5ef94066bffa2aa7') in 0.009923 seconds 
  Import took 0.012673 seconds .

========================================================================
Received Import Request.
  Time since last request: 2.876913 seconds.
  path: Assets/Scripts/Volume.cs
  artifactKey: Guid(42654b388728f44469be7f575a29033f) Importer(815301076,1909f56bfc062723c751e8b465ee728b)
Start importing Assets/Scripts/Volume.cs using Guid(42654b388728f44469be7f575a29033f) Importer(815301076,1909f56bfc062723c751e8b465ee728b)  -> (artifact id: '5b9b00cbb56c6a30bef1d11654c688ae') in 0.009096 seconds 
  Import took 0.011799 seconds .

AssetImportWorkerClient::OnTransportError - code=2 error=End of file
